<?xml version="1.0" encoding="UTF-8"?>
<testng-results retried="1" ignored="1" total="12" passed="9" failed="1" skipped="0">
  <reporter-output>
  </reporter-output>
  <suite started-at="2024-10-15T20:39:43 IST" name="Suite" finished-at="2024-10-15T20:40:37 IST" duration-ms="53859">
    <groups>
      <group name="Smoke">
        <method signature="SubscriptionTest.verifyUserIsAbleToSubscribeWithValidEmail()[pri:0, instance:com.demoshop.test.SubscriptionTest@2f01783a]" name="verifyUserIsAbleToSubscribeWithValidEmail" class="com.demoshop.test.SubscriptionTest"/>
        <method signature="E2ECheckoutTest.verifyNewUserRegistersAndCheckoutProduct()[pri:0, instance:com.demoshop.test.E2ECheckoutTest@76b07f29]" name="verifyNewUserRegistersAndCheckoutProduct" class="com.demoshop.test.E2ECheckoutTest"/>
      </group> <!-- Smoke -->
    </groups>
    <test started-at="2024-10-15T20:39:43 IST" name="Search Test" finished-at="2024-10-15T20:40:00 IST" duration-ms="17387">
      <class name="com.demoshop.test.SearchTest">
        <test-method is-config="true" signature="initDriver(java.lang.String)[pri:0, instance:com.demoshop.test.SearchTest@3932c79a]" started-at="2024-10-15T20:39:43 IST" name="initDriver" finished-at="2024-10-15T20:39:53 IST" duration-ms="9863" status="PASS">
          <params>
            <param index="0">
              <value is-null="true"/>
            </param>
          </params>
          <reporter-output>
          </reporter-output>
        </test-method> <!-- initDriver -->
        <test-method signature="verifyUserIsAbletoSearchDesiredProducts()[pri:0, instance:com.demoshop.test.SearchTest@3932c79a]" started-at="2024-10-15T20:39:53 IST" name="verifyUserIsAbletoSearchDesiredProducts" finished-at="2024-10-15T20:39:59 IST" duration-ms="6628" status="PASS">
          <reporter-output>
          </reporter-output>
        </test-method> <!-- verifyUserIsAbletoSearchDesiredProducts -->
        <test-method is-config="true" signature="tearDown()[pri:0, instance:com.demoshop.test.SearchTest@3932c79a]" started-at="2024-10-15T20:39:59 IST" name="tearDown" finished-at="2024-10-15T20:40:00 IST" duration-ms="823" status="PASS">
          <reporter-output>
          </reporter-output>
        </test-method> <!-- tearDown -->
      </class> <!-- com.demoshop.test.SearchTest -->
    </test> <!-- Search Test -->
    <test started-at="2024-10-15T20:39:43 IST" name="Excel Registeration" finished-at="2024-10-15T20:40:04 IST" duration-ms="21172">
      <class name="com.demoshop.test.ExcelRegisterationTest">
        <test-method is-config="true" signature="initDriver(java.lang.String)[pri:0, instance:com.demoshop.test.ExcelRegisterationTest@1a5b6f42]" started-at="2024-10-15T20:39:43 IST" name="initDriver" finished-at="2024-10-15T20:39:51 IST" duration-ms="7796" status="PASS">
          <params>
            <param index="0">
              <value is-null="true"/>
            </param>
          </params>
          <reporter-output>
          </reporter-output>
        </test-method> <!-- initDriver -->
        <test-method signature="verifyUserIsAbleToRegisterUsingCorrectCreds()[pri:0, instance:com.demoshop.test.ExcelRegisterationTest@1a5b6f42]" started-at="2024-10-15T20:39:51 IST" name="verifyUserIsAbleToRegisterUsingCorrectCreds" finished-at="2024-10-15T20:40:00 IST" duration-ms="9710" status="PASS">
          <reporter-output>
          </reporter-output>
        </test-method> <!-- verifyUserIsAbleToRegisterUsingCorrectCreds -->
        <test-method is-config="true" signature="tearDown()[pri:0, instance:com.demoshop.test.ExcelRegisterationTest@1a5b6f42]" started-at="2024-10-15T20:40:00 IST" name="tearDown" finished-at="2024-10-15T20:40:04 IST" duration-ms="3601" status="PASS">
          <reporter-output>
          </reporter-output>
        </test-method> <!-- tearDown -->
      </class> <!-- com.demoshop.test.ExcelRegisterationTest -->
    </test> <!-- Excel Registeration -->
    <test started-at="2024-10-15T20:39:43 IST" name="Registeration Test" finished-at="2024-10-15T20:40:04 IST" duration-ms="21551">
      <class name="com.demoshop.test.RegisterationTest">
        <test-method is-config="true" signature="initDriver(java.lang.String)[pri:0, instance:com.demoshop.test.RegisterationTest@50029372]" started-at="2024-10-15T20:39:43 IST" name="initDriver" finished-at="2024-10-15T20:39:54 IST" duration-ms="10950" status="PASS">
          <params>
            <param index="0">
              <value is-null="true"/>
            </param>
          </params>
          <reporter-output>
          </reporter-output>
        </test-method> <!-- initDriver -->
        <test-method signature="verifyUserIsAbleToRegisterUsingCorrectCredsFromExcel()[pri:0, instance:com.demoshop.test.RegisterationTest@50029372]" started-at="2024-10-15T20:39:54 IST" name="verifyUserIsAbleToRegisterUsingCorrectCredsFromExcel" finished-at="2024-10-15T20:40:02 IST" duration-ms="7799" status="PASS">
          <reporter-output>
          </reporter-output>
        </test-method> <!-- verifyUserIsAbleToRegisterUsingCorrectCredsFromExcel -->
        <test-method is-config="true" signature="tearDown()[pri:0, instance:com.demoshop.test.RegisterationTest@50029372]" started-at="2024-10-15T20:40:02 IST" name="tearDown" finished-at="2024-10-15T20:40:04 IST" duration-ms="2750" status="PASS">
          <reporter-output>
          </reporter-output>
        </test-method> <!-- tearDown -->
      </class> <!-- com.demoshop.test.RegisterationTest -->
    </test> <!-- Registeration Test -->
    <test started-at="2024-10-15T20:39:43 IST" name="DataProviderRegisteration" finished-at="2024-10-15T20:40:05 IST" duration-ms="21725">
      <class name="com.demoshop.test.RegisterationDP">
        <test-method is-config="true" signature="initDriver(java.lang.String)[pri:0, instance:com.demoshop.test.RegisterationDP@5167f57d]" started-at="2024-10-15T20:39:43 IST" name="initDriver" finished-at="2024-10-15T20:39:51 IST" duration-ms="7531" status="PASS">
          <params>
            <param index="0">
              <value is-null="true"/>
            </param>
          </params>
          <reporter-output>
          </reporter-output>
        </test-method> <!-- initDriver -->
        <test-method signature="verifyUserIsAbleToMultipleRegisterUsingCorrectCreds(java.lang.String,java.lang.String,java.lang.String,java.lang.String)[pri:0, instance:com.demoshop.test.RegisterationDP@5167f57d]" started-at="2024-10-15T20:39:51 IST" name="verifyUserIsAbleToMultipleRegisterUsingCorrectCreds" data-provider="getData" finished-at="2024-10-15T20:40:01 IST" duration-ms="10276" status="PASS">
          <params>
            <param index="0">
              <value>
                <![CDATA[Nikki]]>
              </value>
            </param>
            <param index="1">
              <value>
                <![CDATA[Kemmer]]>
              </value>
            </param>
            <param index="2">
              <value>
                <![CDATA[marva.leffler@hotmail.com]]>
              </value>
            </param>
            <param index="3">
              <value>
                <![CDATA[h2tez49rhbifer]]>
              </value>
            </param>
          </params>
          <reporter-output>
          </reporter-output>
        </test-method> <!-- verifyUserIsAbleToMultipleRegisterUsingCorrectCreds -->
        <test-method is-config="true" signature="tearDown()[pri:0, instance:com.demoshop.test.RegisterationDP@5167f57d]" started-at="2024-10-15T20:40:01 IST" name="tearDown" finished-at="2024-10-15T20:40:05 IST" duration-ms="3601" status="PASS">
          <reporter-output>
          </reporter-output>
        </test-method> <!-- tearDown -->
      </class> <!-- com.demoshop.test.RegisterationDP -->
    </test> <!-- DataProviderRegisteration -->
    <test started-at="2024-10-15T20:39:43 IST" name="Rg DP2" finished-at="2024-10-15T20:40:12 IST" duration-ms="29222">
      <class name="com.demoshop.test.RegisterationDP2">
        <test-method is-config="true" signature="initDriver(java.lang.String)[pri:0, instance:com.demoshop.test.RegisterationDP2@7d9f158f]" started-at="2024-10-15T20:39:43 IST" name="initDriver" finished-at="2024-10-15T20:39:53 IST" duration-ms="9771" status="PASS">
          <params>
            <param index="0">
              <value is-null="true"/>
            </param>
          </params>
          <reporter-output>
          </reporter-output>
        </test-method> <!-- initDriver -->
        <test-method signature="verifyUserIsAbleToMultipleRegisterUsingCorrectCreds(java.util.List)[pri:0, instance:com.demoshop.test.RegisterationDP2@7d9f158f]" started-at="2024-10-15T20:39:53 IST" name="verifyUserIsAbleToMultipleRegisterUsingCorrectCreds" data-provider="getData" finished-at="2024-10-15T20:40:10 IST" duration-ms="16831" status="PASS">
          <params>
            <param index="0">
              <value>
                <![CDATA[[Person [fName=Diana, lName=O'Kon, email=kera.spinka@gmail.com, password=dj08kbypx5rkfm, confirmPassword=dj08kbypx5rkfm], Person [fName=Rudolph, lName=Rice, email=buddy.lindgren@yahoo.com, password=dj08kbypx5rkfm, confirmPassword=dj08kbypx5rkfm]]]]>
              </value>
            </param>
          </params>
          <reporter-output>
          </reporter-output>
        </test-method> <!-- verifyUserIsAbleToMultipleRegisterUsingCorrectCreds -->
        <test-method is-config="true" signature="tearDown()[pri:0, instance:com.demoshop.test.RegisterationDP2@7d9f158f]" started-at="2024-10-15T20:40:10 IST" name="tearDown" finished-at="2024-10-15T20:40:12 IST" duration-ms="2270" status="PASS">
          <reporter-output>
          </reporter-output>
        </test-method> <!-- tearDown -->
      </class> <!-- com.demoshop.test.RegisterationDP2 -->
    </test> <!-- Rg DP2 -->
    <test started-at="2024-10-15T20:40:04 IST" name="Subscription Test" finished-at="2024-10-15T20:40:17 IST" duration-ms="13300">
      <class name="com.demoshop.test.SubscriptionTest">
        <test-method is-config="true" signature="initDriver(java.lang.String)[pri:0, instance:com.demoshop.test.SubscriptionTest@2f01783a]" started-at="2024-10-15T20:40:04 IST" name="initDriver" finished-at="2024-10-15T20:40:11 IST" duration-ms="7220" status="PASS">
          <params>
            <param index="0">
              <value is-null="true"/>
            </param>
          </params>
          <reporter-output>
          </reporter-output>
        </test-method> <!-- initDriver -->
        <test-method signature="verifyUserIsAbleToSubscribeWithValidEmail()[pri:0, instance:com.demoshop.test.SubscriptionTest@2f01783a]" started-at="2024-10-15T20:40:11 IST" name="verifyUserIsAbleToSubscribeWithValidEmail" finished-at="2024-10-15T20:40:14 IST" duration-ms="2527" status="PASS">
          <reporter-output>
          </reporter-output>
        </test-method> <!-- verifyUserIsAbleToSubscribeWithValidEmail -->
        <test-method is-config="true" signature="tearDown()[pri:0, instance:com.demoshop.test.SubscriptionTest@2f01783a]" started-at="2024-10-15T20:40:14 IST" name="tearDown" finished-at="2024-10-15T20:40:17 IST" duration-ms="3540" status="PASS">
          <reporter-output>
          </reporter-output>
        </test-method> <!-- tearDown -->
      </class> <!-- com.demoshop.test.SubscriptionTest -->
    </test> <!-- Subscription Test -->
    <test started-at="2024-10-15T20:40:04 IST" name="Add To Cart Test" finished-at="2024-10-15T20:40:22 IST" duration-ms="17222">
      <class name="com.demoshop.test.AddToCartTest">
        <test-method is-config="true" signature="initDriver(java.lang.String)[pri:0, instance:com.demoshop.test.AddToCartTest@78fa769e]" started-at="2024-10-15T20:40:04 IST" name="initDriver" finished-at="2024-10-15T20:40:14 IST" duration-ms="9171" status="PASS">
          <params>
            <param index="0">
              <value is-null="true"/>
            </param>
          </params>
          <reporter-output>
          </reporter-output>
        </test-method> <!-- initDriver -->
        <test-method signature="verifyUserIsAbletoAddProductToCart()[pri:0, instance:com.demoshop.test.AddToCartTest@78fa769e]" started-at="2024-10-15T20:40:14 IST" name="verifyUserIsAbletoAddProductToCart" finished-at="2024-10-15T20:40:20 IST" duration-ms="6742" status="PASS">
          <reporter-output>
          </reporter-output>
        </test-method> <!-- verifyUserIsAbletoAddProductToCart -->
        <test-method is-config="true" signature="tearDown()[pri:0, instance:com.demoshop.test.AddToCartTest@78fa769e]" started-at="2024-10-15T20:40:20 IST" name="tearDown" finished-at="2024-10-15T20:40:22 IST" duration-ms="1305" status="PASS">
          <reporter-output>
          </reporter-output>
        </test-method> <!-- tearDown -->
      </class> <!-- com.demoshop.test.AddToCartTest -->
    </test> <!-- Add To Cart Test -->
    <test started-at="2024-10-15T20:40:05 IST" name="Remove Product Test" finished-at="2024-10-15T20:40:24 IST" duration-ms="18990">
      <class name="com.demoshop.test.RemoveProductTest">
        <test-method is-config="true" signature="initDriver(java.lang.String)[pri:0, instance:com.demoshop.test.RemoveProductTest@4e0ae11f]" started-at="2024-10-15T20:40:05 IST" name="initDriver" finished-at="2024-10-15T20:40:14 IST" duration-ms="9455" status="PASS">
          <params>
            <param index="0">
              <value is-null="true"/>
            </param>
          </params>
          <reporter-output>
          </reporter-output>
        </test-method> <!-- initDriver -->
        <test-method signature="verifyUserIsAbletoRemoveProductFromCart()[pri:0, instance:com.demoshop.test.RemoveProductTest@4e0ae11f]" started-at="2024-10-15T20:40:14 IST" name="verifyUserIsAbletoRemoveProductFromCart" finished-at="2024-10-15T20:40:23 IST" duration-ms="9060" status="PASS">
          <reporter-output>
          </reporter-output>
        </test-method> <!-- verifyUserIsAbletoRemoveProductFromCart -->
        <test-method is-config="true" signature="tearDown()[pri:0, instance:com.demoshop.test.RemoveProductTest@4e0ae11f]" started-at="2024-10-15T20:40:23 IST" name="tearDown" finished-at="2024-10-15T20:40:24 IST" duration-ms="469" status="PASS">
          <reporter-output>
          </reporter-output>
        </test-method> <!-- tearDown -->
      </class> <!-- com.demoshop.test.RemoveProductTest -->
    </test> <!-- Remove Product Test -->
    <test started-at="2024-10-15T20:40:02 IST" name="Login Test" finished-at="2024-10-15T20:40:27 IST" duration-ms="25051">
      <class name="com.demoshop.test.LoginTest">
        <test-method is-config="true" signature="initDriver(java.lang.String)[pri:0, instance:com.demoshop.test.LoginTest@4a07d605]" started-at="2024-10-15T20:40:02 IST" name="initDriver" finished-at="2024-10-15T20:40:10 IST" duration-ms="8083" status="PASS">
          <params>
            <param index="0">
              <value is-null="true"/>
            </param>
          </params>
          <reporter-output>
          </reporter-output>
        </test-method> <!-- initDriver -->
        <test-method retried="true" signature="verifyUserIsAbleToLoginWithValidCreds()[pri:0, instance:com.demoshop.test.LoginTest@4a07d605]" started-at="2024-10-15T20:40:10 IST" name="verifyUserIsAbleToLoginWithValidCreds" finished-at="2024-10-15T20:40:13 IST" duration-ms="3554" status="SKIP">
          <exception class="java.lang.AssertionError">
            <message>
              <![CDATA[Logged Email is not matching expected [obsqura24@gmail.com] but found [mnfgh]]]>
            </message>
            <full-stacktrace>
              <![CDATA[java.lang.AssertionError: Logged Email is not matching expected [obsqura24@gmail.com] but found [mnfgh]
at org.testng.Assert.fail(Assert.java:111)
at org.testng.Assert.failNotEquals(Assert.java:1578)
at org.testng.Assert.assertEqualsImpl(Assert.java:150)
at org.testng.Assert.assertEquals(Assert.java:132)
at org.testng.Assert.assertEquals(Assert.java:656)
at com.demoshop.test.LoginTest.verifyUserIsAbleToLoginWithValidCreds(LoginTest.java:17)
at java.base/jdk.internal.reflect.NativeMethodAccessorImpl.invoke0(Native Method)
at java.base/jdk.internal.reflect.NativeMethodAccessorImpl.invoke(NativeMethodAccessorImpl.java:77)
at java.base/jdk.internal.reflect.DelegatingMethodAccessorImpl.invoke(DelegatingMethodAccessorImpl.java:43)
at java.base/java.lang.reflect.Method.invoke(Method.java:568)
at org.testng.internal.invokers.MethodInvocationHelper.invokeMethod(MethodInvocationHelper.java:139)
at org.testng.internal.invokers.TestInvoker.invokeMethod(TestInvoker.java:664)
at org.testng.internal.invokers.TestInvoker.invokeTestMethod(TestInvoker.java:227)
at org.testng.internal.invokers.MethodRunner.runInSequence(MethodRunner.java:50)
at org.testng.internal.invokers.TestInvoker$MethodInvocationAgent.invoke(TestInvoker.java:957)
at org.testng.internal.invokers.TestInvoker.invokeTestMethods(TestInvoker.java:200)
at org.testng.internal.invokers.TestMethodWorker.invokeTestMethods(TestMethodWorker.java:148)
at org.testng.internal.invokers.TestMethodWorker.run(TestMethodWorker.java:128)
at java.base/java.util.ArrayList.forEach(ArrayList.java:1511)
at org.testng.TestRunner.privateRun(TestRunner.java:848)
at org.testng.TestRunner.run(TestRunner.java:621)
at org.testng.SuiteRunner.runTest(SuiteRunner.java:443)
at org.testng.SuiteRunner$SuiteWorker.run(SuiteRunner.java:481)
at org.testng.internal.thread.ThreadUtil.lambda$execute$0(ThreadUtil.java:58)
at java.base/java.util.concurrent.FutureTask.run(FutureTask.java:264)
at java.base/java.util.concurrent.ThreadPoolExecutor.runWorker(ThreadPoolExecutor.java:1136)
at java.base/java.util.concurrent.ThreadPoolExecutor$Worker.run(ThreadPoolExecutor.java:635)
at java.base/java.lang.Thread.run(Thread.java:842)
]]>
            </full-stacktrace>
          </exception> <!-- java.lang.AssertionError -->
          <reporter-output>
          </reporter-output>
        </test-method> <!-- verifyUserIsAbleToLoginWithValidCreds -->
        <test-method is-config="true" signature="tearDown()[pri:0, instance:com.demoshop.test.LoginTest@4a07d605]" started-at="2024-10-15T20:40:13 IST" name="tearDown" finished-at="2024-10-15T20:40:17 IST" duration-ms="4215" status="PASS">
          <reporter-output>
          </reporter-output>
        </test-method> <!-- tearDown -->
        <test-method is-config="true" signature="initDriver(java.lang.String)[pri:0, instance:com.demoshop.test.LoginTest@4a07d605]" started-at="2024-10-15T20:40:17 IST" name="initDriver" finished-at="2024-10-15T20:40:24 IST" duration-ms="6877" status="PASS">
          <params>
            <param index="0">
              <value is-null="true"/>
            </param>
          </params>
          <reporter-output>
          </reporter-output>
        </test-method> <!-- initDriver -->
        <test-method signature="verifyUserIsAbleToLoginWithValidCreds()[pri:0, instance:com.demoshop.test.LoginTest@4a07d605]" started-at="2024-10-15T20:40:24 IST" name="verifyUserIsAbleToLoginWithValidCreds" finished-at="2024-10-15T20:40:26 IST" duration-ms="1908" status="FAIL">
          <exception class="java.lang.AssertionError">
            <message>
              <![CDATA[Logged Email is not matching expected [obsqura24@gmail.com] but found [mnfgh]]]>
            </message>
            <full-stacktrace>
              <![CDATA[java.lang.AssertionError: Logged Email is not matching expected [obsqura24@gmail.com] but found [mnfgh]
at org.testng.Assert.fail(Assert.java:111)
at org.testng.Assert.failNotEquals(Assert.java:1578)
at org.testng.Assert.assertEqualsImpl(Assert.java:150)
at org.testng.Assert.assertEquals(Assert.java:132)
at org.testng.Assert.assertEquals(Assert.java:656)
at com.demoshop.test.LoginTest.verifyUserIsAbleToLoginWithValidCreds(LoginTest.java:17)
at java.base/jdk.internal.reflect.NativeMethodAccessorImpl.invoke0(Native Method)
at java.base/jdk.internal.reflect.NativeMethodAccessorImpl.invoke(NativeMethodAccessorImpl.java:77)
at java.base/jdk.internal.reflect.DelegatingMethodAccessorImpl.invoke(DelegatingMethodAccessorImpl.java:43)
at java.base/java.lang.reflect.Method.invoke(Method.java:568)
at org.testng.internal.invokers.MethodInvocationHelper.invokeMethod(MethodInvocationHelper.java:139)
at org.testng.internal.invokers.TestInvoker.invokeMethod(TestInvoker.java:664)
at org.testng.internal.invokers.TestInvoker.retryFailed(TestInvoker.java:248)
at org.testng.internal.invokers.MethodRunner.runInSequence(MethodRunner.java:62)
at org.testng.internal.invokers.TestInvoker$MethodInvocationAgent.invoke(TestInvoker.java:957)
at org.testng.internal.invokers.TestInvoker.invokeTestMethods(TestInvoker.java:200)
at org.testng.internal.invokers.TestMethodWorker.invokeTestMethods(TestMethodWorker.java:148)
at org.testng.internal.invokers.TestMethodWorker.run(TestMethodWorker.java:128)
at java.base/java.util.ArrayList.forEach(ArrayList.java:1511)
at org.testng.TestRunner.privateRun(TestRunner.java:848)
at org.testng.TestRunner.run(TestRunner.java:621)
at org.testng.SuiteRunner.runTest(SuiteRunner.java:443)
at org.testng.SuiteRunner$SuiteWorker.run(SuiteRunner.java:481)
at org.testng.internal.thread.ThreadUtil.lambda$execute$0(ThreadUtil.java:58)
at java.base/java.util.concurrent.FutureTask.run(FutureTask.java:264)
at java.base/java.util.concurrent.ThreadPoolExecutor.runWorker(ThreadPoolExecutor.java:1136)
at java.base/java.util.concurrent.ThreadPoolExecutor$Worker.run(ThreadPoolExecutor.java:635)
at java.base/java.lang.Thread.run(Thread.java:842)
]]>
            </full-stacktrace>
          </exception> <!-- java.lang.AssertionError -->
          <reporter-output>
          </reporter-output>
        </test-method> <!-- verifyUserIsAbleToLoginWithValidCreds -->
        <test-method is-config="true" signature="tearDown()[pri:0, instance:com.demoshop.test.LoginTest@4a07d605]" started-at="2024-10-15T20:40:26 IST" name="tearDown" finished-at="2024-10-15T20:40:27 IST" duration-ms="240" status="PASS">
          <reporter-output>
          </reporter-output>
        </test-method> <!-- tearDown -->
      </class> <!-- com.demoshop.test.LoginTest -->
    </test> <!-- Login Test -->
    <test started-at="2024-10-15T20:40:12 IST" name="E2E Test" finished-at="2024-10-15T20:40:37 IST" duration-ms="24553">
      <class name="com.demoshop.test.E2ECheckoutTest">
        <test-method is-config="true" signature="initDriver(java.lang.String)[pri:0, instance:com.demoshop.test.E2ECheckoutTest@76b07f29]" started-at="2024-10-15T20:40:12 IST" name="initDriver" finished-at="2024-10-15T20:40:19 IST" duration-ms="7113" status="PASS">
          <params>
            <param index="0">
              <value is-null="true"/>
            </param>
          </params>
          <reporter-output>
          </reporter-output>
        </test-method> <!-- initDriver -->
        <test-method signature="verifyNewUserRegistersAndCheckoutProduct()[pri:0, instance:com.demoshop.test.E2ECheckoutTest@76b07f29]" started-at="2024-10-15T20:40:19 IST" name="verifyNewUserRegistersAndCheckoutProduct" finished-at="2024-10-15T20:40:35 IST" duration-ms="15705" status="PASS">
          <reporter-output>
          </reporter-output>
        </test-method> <!-- verifyNewUserRegistersAndCheckoutProduct -->
        <test-method is-config="true" signature="tearDown()[pri:0, instance:com.demoshop.test.E2ECheckoutTest@76b07f29]" started-at="2024-10-15T20:40:35 IST" name="tearDown" finished-at="2024-10-15T20:40:37 IST" duration-ms="1729" status="PASS">
          <reporter-output>
          </reporter-output>
        </test-method> <!-- tearDown -->
      </class> <!-- com.demoshop.test.E2ECheckoutTest -->
    </test> <!-- E2E Test -->
  </suite> <!-- Suite -->
</testng-results>
